<?xml version="1.0" encoding="UTF-8"?>
<!-- Generated by org.testng.reporters.JUnitReportReporter -->
<testsuite ignored="0" hostname="Bhargav" failures="0" tests="1" name="getRequest.GetData" time="7.124" errors="0" timestamp="19 Nov 2018 16:56:40 GMT" skipped="0">
  <testcase classname="getRequest.GetData" name="testResponse" time="7.124"/>
</testsuite> <!-- getRequest.GetData -->
